<?xml version="1.0" encoding="UTF-8"?>
<!-- Generated by org.testng.reporters.JUnitReportReporter -->
<testsuite skipped="0" hostname="XAV-602000241" name="Airbus.HomePage" tests="1" failures="0" timestamp="2020-10-20T22:46:41 IST" time="11.795" errors="0">
  <testcase name="basePageNavigation" time="11.795" classname="Airbus.HomePage"/>
  <system-out/>
</testsuite> <!-- Airbus.HomePage -->
